!SESSION 2014-02-20 20:24:30.128 -----------------------------------------------
eclipse.buildId=v22.3.0-887826
java.version=1.6.0_45
java.vendor=Sun Microsystems Inc.
BootLoader constants: OS=win32, ARCH=x86_64, WS=win32, NL=en_US
Framework arguments:  -product com.android.ide.eclipse.adt.package.product
Command-line arguments:  -os win32 -ws win32 -arch x86_64 -product com.android.ide.eclipse.adt.package.product

This is a continuation of log file C:\Users\pancho\Dropbox\workspace\android\.metadata\.bak_0.log
Created Time: 2014-02-20 20:54:25.395

!ENTRY org.eclipse.jdt.debug 4 125 2014-02-20 20:54:25.400
!MESSAGE Internal error logged from JDI Debug: 
!STACK 0
org.eclipse.jdi.TimeoutException: Timeout occurred while waiting for packet 4113.
	at org.eclipse.jdi.internal.connect.PacketReceiveManager.getReply(PacketReceiveManager.java:186)
	at org.eclipse.jdi.internal.connect.PacketReceiveManager.getReply(PacketReceiveManager.java:197)
	at org.eclipse.jdi.internal.MirrorImpl.requestVM(MirrorImpl.java:191)
	at org.eclipse.jdi.internal.MirrorImpl.requestVM(MirrorImpl.java:226)
	at org.eclipse.jdi.internal.MirrorImpl.requestVM(MirrorImpl.java:242)
	at org.eclipse.jdi.internal.ObjectReferenceImpl.referenceType(ObjectReferenceImpl.java:515)
	at org.eclipse.jdt.internal.debug.core.model.JDIObjectValue.getUnderlyingReferenceType(JDIObjectValue.java:313)
	at org.eclipse.jdt.internal.debug.core.model.JDIObjectValue.getField(JDIObjectValue.java:232)
	at org.eclipse.jdt.internal.debug.ui.JavaDebugHover.getHoverInfo2(JavaDebugHover.java:362)
	at org.eclipse.jdt.internal.ui.text.java.hover.BestMatchHover.getHoverInfo2(BestMatchHover.java:163)
	at org.eclipse.jdt.internal.ui.text.java.hover.BestMatchHover.getHoverInfo2(BestMatchHover.java:129)
	at org.eclipse.jdt.internal.ui.text.java.hover.JavaEditorTextHoverProxy.getHoverInfo2(JavaEditorTextHoverProxy.java:85)
	at org.eclipse.jface.text.TextViewerHoverManager$4.run(TextViewerHoverManager.java:166)
!SESSION 2014-02-23 21:02:59.775 -----------------------------------------------
eclipse.buildId=v22.3.0-887826
java.version=1.6.0_45
java.vendor=Sun Microsystems Inc.
BootLoader constants: OS=win32, ARCH=x86_64, WS=win32, NL=en_US
Framework arguments:  -product com.android.ide.eclipse.adt.package.product
Command-line arguments:  -os win32 -ws win32 -arch x86_64 -product com.android.ide.eclipse.adt.package.product

!ENTRY org.eclipse.osgi 2 0 2014-02-23 21:04:03.801
!MESSAGE While loading class "com.android.ide.eclipse.adt.internal.project.AndroidClasspathContainerInitializer", thread "Thread[org.eclipse.jdt.internal.ui.text.JavaReconciler,1,main]" timed out waiting (5084ms) for thread "Thread[main,6,main]" to finish starting bundle "com.android.ide.eclipse.adt_22.3.0.v201310242005-887826 [2]". To avoid deadlock, thread "Thread[org.eclipse.jdt.internal.ui.text.JavaReconciler,1,main]" is proceeding but "com.android.ide.eclipse.adt.internal.project.AndroidClasspathContainerInitializer" may not be fully initialized.
!STACK 0
org.osgi.framework.BundleException: State change in progress for bundle "reference:file:plugins/com.android.ide.eclipse.adt_22.3.0.v201310242005-887826.jar" by thread "main".
	at org.eclipse.osgi.framework.internal.core.AbstractBundle.beginStateChange(AbstractBundle.java:1088)
	at org.eclipse.osgi.framework.internal.core.AbstractBundle.start(AbstractBundle.java:298)
	at org.eclipse.osgi.framework.util.SecureAction.start(SecureAction.java:440)
	at org.eclipse.osgi.internal.loader.BundleLoader.setLazyTrigger(BundleLoader.java:263)
	at org.eclipse.core.runtime.internal.adaptor.EclipseLazyStarter.postFindLocalClass(EclipseLazyStarter.java:107)
	at org.eclipse.osgi.baseadaptor.loader.ClasspathManager.findLocalClass(ClasspathManager.java:469)
	at org.eclipse.osgi.internal.baseadaptor.DefaultClassLoader.findLocalClass(DefaultClassLoader.java:216)
	at org.eclipse.osgi.internal.loader.BundleLoader.findLocalClass(BundleLoader.java:395)
	at org.eclipse.osgi.internal.loader.BundleLoader.findClassInternal(BundleLoader.java:464)
	at org.eclipse.osgi.internal.loader.BundleLoader.findClass(BundleLoader.java:421)
	at org.eclipse.osgi.internal.loader.BundleLoader.findClass(BundleLoader.java:412)
	at org.eclipse.osgi.internal.baseadaptor.DefaultClassLoader.loadClass(DefaultClassLoader.java:107)
	at java.lang.ClassLoader.loadClass(Unknown Source)
	at org.eclipse.osgi.internal.loader.BundleLoader.loadClass(BundleLoader.java:340)
	at org.eclipse.osgi.framework.internal.core.BundleHost.loadClass(BundleHost.java:229)
	at org.eclipse.osgi.framework.internal.core.AbstractBundle.loadClass(AbstractBundle.java:1212)
	at org.eclipse.core.internal.registry.osgi.RegistryStrategyOSGI.createExecutableExtension(RegistryStrategyOSGI.java:174)
	at org.eclipse.core.internal.registry.ExtensionRegistry.createExecutableExtension(ExtensionRegistry.java:905)
	at org.eclipse.core.internal.registry.ConfigurationElement.createExecutableExtension(ConfigurationElement.java:243)
	at org.eclipse.core.internal.registry.ConfigurationElementHandle.createExecutableExtension(ConfigurationElementHandle.java:55)
	at org.eclipse.jdt.core.JavaCore.computeClasspathContainerInitializer(JavaCore.java:3175)
	at org.eclipse.jdt.core.JavaCore.getClasspathContainerInitializer(JavaCore.java:3151)
	at org.eclipse.jdt.internal.core.JavaModelManager.initializeContainer(JavaModelManager.java:2824)
	at org.eclipse.jdt.internal.core.JavaModelManager.getClasspathContainer(JavaModelManager.java:1878)
	at org.eclipse.jdt.core.JavaCore.getClasspathContainer(JavaCore.java:3128)
	at org.eclipse.jdt.internal.core.JavaProject.resolveClasspath(JavaProject.java:2691)
	at org.eclipse.jdt.internal.core.JavaProject.resolveClasspath(JavaProject.java:2855)
	at org.eclipse.jdt.internal.core.JavaProject.getResolvedClasspath(JavaProject.java:1960)
	at org.eclipse.jdt.internal.core.JavaProject.buildStructure(JavaProject.java:463)
	at org.eclipse.jdt.internal.core.Openable.generateInfos(Openable.java:258)
	at org.eclipse.jdt.internal.core.JavaElement.openWhenClosed(JavaElement.java:518)
	at org.eclipse.jdt.internal.core.JavaElement.getElementInfo(JavaElement.java:255)
	at org.eclipse.jdt.internal.core.JavaElement.getElementInfo(JavaElement.java:241)
	at org.eclipse.jdt.internal.core.JavaProject.getJavaProjectElementInfo(JavaProject.java:1640)
	at org.eclipse.jdt.internal.core.JavaProject.newNameLookup(JavaProject.java:2327)
	at org.eclipse.jdt.internal.core.SearchableEnvironment.<init>(SearchableEnvironment.java:59)
	at org.eclipse.jdt.internal.core.SearchableEnvironment.<init>(SearchableEnvironment.java:66)
	at org.eclipse.jdt.internal.core.CancelableNameEnvironment.<init>(CancelableNameEnvironment.java:26)
	at org.eclipse.jdt.internal.core.CompilationUnitProblemFinder.process(CompilationUnitProblemFinder.java:176)
	at org.eclipse.jdt.internal.core.CompilationUnitProblemFinder.process(CompilationUnitProblemFinder.java:269)
	at org.eclipse.jdt.internal.core.ReconcileWorkingCopyOperation.makeConsistent(ReconcileWorkingCopyOperation.java:190)
	at org.eclipse.jdt.internal.core.ReconcileWorkingCopyOperation.executeOperation(ReconcileWorkingCopyOperation.java:89)
	at org.eclipse.jdt.internal.core.JavaModelOperation.run(JavaModelOperation.java:728)
	at org.eclipse.jdt.internal.core.JavaModelOperation.runOperation(JavaModelOperation.java:788)
	at org.eclipse.jdt.internal.core.CompilationUnit.reconcile(CompilationUnit.java:1247)
	at org.eclipse.jdt.internal.ui.text.java.JavaReconcilingStrategy.reconcile(JavaReconcilingStrategy.java:126)
	at org.eclipse.jdt.internal.ui.text.java.JavaReconcilingStrategy.access$0(JavaReconcilingStrategy.java:108)
	at org.eclipse.jdt.internal.ui.text.java.JavaReconcilingStrategy$1.run(JavaReconcilingStrategy.java:89)
	at org.eclipse.core.runtime.SafeRunner.run(SafeRunner.java:42)
	at org.eclipse.jdt.internal.ui.text.java.JavaReconcilingStrategy.reconcile(JavaReconcilingStrategy.java:87)
	at org.eclipse.jdt.internal.ui.text.java.JavaReconcilingStrategy.initialReconcile(JavaReconcilingStrategy.java:178)
	at org.eclipse.jdt.internal.ui.text.CompositeReconcilingStrategy.initialReconcile(CompositeReconcilingStrategy.java:114)
	at org.eclipse.jdt.internal.ui.text.JavaCompositeReconcilingStrategy.initialReconcile(JavaCompositeReconcilingStrategy.java:136)
	at org.eclipse.jface.text.reconciler.MonoReconciler.initialProcess(MonoReconciler.java:105)
	at org.eclipse.jdt.internal.ui.text.JavaReconciler.initialProcess(JavaReconciler.java:406)
	at org.eclipse.jface.text.reconciler.AbstractReconciler$BackgroundThread.run(AbstractReconciler.java:173)
Caused by: org.eclipse.osgi.framework.internal.core.AbstractBundle$BundleStatusException
	... 56 more
Root exception:
org.eclipse.osgi.framework.internal.core.AbstractBundle$BundleStatusException
	at org.eclipse.osgi.framework.internal.core.AbstractBundle.beginStateChange(AbstractBundle.java:1088)
	at org.eclipse.osgi.framework.internal.core.AbstractBundle.start(AbstractBundle.java:298)
	at org.eclipse.osgi.framework.util.SecureAction.start(SecureAction.java:440)
	at org.eclipse.osgi.internal.loader.BundleLoader.setLazyTrigger(BundleLoader.java:263)
	at org.eclipse.core.runtime.internal.adaptor.EclipseLazyStarter.postFindLocalClass(EclipseLazyStarter.java:107)
	at org.eclipse.osgi.baseadaptor.loader.ClasspathManager.findLocalClass(ClasspathManager.java:469)
	at org.eclipse.osgi.internal.baseadaptor.DefaultClassLoader.findLocalClass(DefaultClassLoader.java:216)
	at org.eclipse.osgi.internal.loader.BundleLoader.findLocalClass(BundleLoader.java:395)
	at org.eclipse.osgi.internal.loader.BundleLoader.findClassInternal(BundleLoader.java:464)
	at org.eclipse.osgi.internal.loader.BundleLoader.findClass(BundleLoader.java:421)
	at org.eclipse.osgi.internal.loader.BundleLoader.findClass(BundleLoader.java:412)
	at org.eclipse.osgi.internal.baseadaptor.DefaultClassLoader.loadClass(DefaultClassLoader.java:107)
	at java.lang.ClassLoader.loadClass(Unknown Source)
	at org.eclipse.osgi.internal.loader.BundleLoader.loadClass(BundleLoader.java:340)
	at org.eclipse.osgi.framework.internal.core.BundleHost.loadClass(BundleHost.java:229)
	at org.eclipse.osgi.framework.internal.core.AbstractBundle.loadClass(AbstractBundle.java:1212)
	at org.eclipse.core.internal.registry.osgi.RegistryStrategyOSGI.createExecutableExtension(RegistryStrategyOSGI.java:174)
	at org.eclipse.core.internal.registry.ExtensionRegistry.createExecutableExtension(ExtensionRegistry.java:905)
	at org.eclipse.core.internal.registry.ConfigurationElement.createExecutableExtension(ConfigurationElement.java:243)
	at org.eclipse.core.internal.registry.ConfigurationElementHandle.createExecutableExtension(ConfigurationElementHandle.java:55)
	at org.eclipse.jdt.core.JavaCore.computeClasspathContainerInitializer(JavaCore.java:3175)
	at org.eclipse.jdt.core.JavaCore.getClasspathContainerInitializer(JavaCore.java:3151)
	at org.eclipse.jdt.internal.core.JavaModelManager.initializeContainer(JavaModelManager.java:2824)
	at org.eclipse.jdt.internal.core.JavaModelManager.getClasspathContainer(JavaModelManager.java:1878)
	at org.eclipse.jdt.core.JavaCore.getClasspathContainer(JavaCore.java:3128)
	at org.eclipse.jdt.internal.core.JavaProject.resolveClasspath(JavaProject.java:2691)
	at org.eclipse.jdt.internal.core.JavaProject.resolveClasspath(JavaProject.java:2855)
	at org.eclipse.jdt.internal.core.JavaProject.getResolvedClasspath(JavaProject.java:1960)
	at org.eclipse.jdt.internal.core.JavaProject.buildStructure(JavaProject.java:463)
	at org.eclipse.jdt.internal.core.Openable.generateInfos(Openable.java:258)
	at org.eclipse.jdt.internal.core.JavaElement.openWhenClosed(JavaElement.java:518)
	at org.eclipse.jdt.internal.core.JavaElement.getElementInfo(JavaElement.java:255)
	at org.eclipse.jdt.internal.core.JavaElement.getElementInfo(JavaElement.java:241)
	at org.eclipse.jdt.internal.core.JavaProject.getJavaProjectElementInfo(JavaProject.java:1640)
	at org.eclipse.jdt.internal.core.JavaProject.newNameLookup(JavaProject.java:2327)
	at org.eclipse.jdt.internal.core.SearchableEnvironment.<init>(SearchableEnvironment.java:59)
	at org.eclipse.jdt.internal.core.SearchableEnvironment.<init>(SearchableEnvironment.java:66)
	at org.eclipse.jdt.internal.core.CancelableNameEnvironment.<init>(CancelableNameEnvironment.java:26)
	at org.eclipse.jdt.internal.core.CompilationUnitProblemFinder.process(CompilationUnitProblemFinder.java:176)
	at org.eclipse.jdt.internal.core.CompilationUnitProblemFinder.process(CompilationUnitProblemFinder.java:269)
	at org.eclipse.jdt.internal.core.ReconcileWorkingCopyOperation.makeConsistent(ReconcileWorkingCopyOperation.java:190)
	at org.eclipse.jdt.internal.core.ReconcileWorkingCopyOperation.executeOperation(ReconcileWorkingCopyOperation.java:89)
	at org.eclipse.jdt.internal.core.JavaModelOperation.run(JavaModelOperation.java:728)
	at org.eclipse.jdt.internal.core.JavaModelOperation.runOperation(JavaModelOperation.java:788)
	at org.eclipse.jdt.internal.core.CompilationUnit.reconcile(CompilationUnit.java:1247)
	at org.eclipse.jdt.internal.ui.text.java.JavaReconcilingStrategy.reconcile(JavaReconcilingStrategy.java:126)
	at org.eclipse.jdt.internal.ui.text.java.JavaReconcilingStrategy.access$0(JavaReconcilingStrategy.java:108)
	at org.eclipse.jdt.internal.ui.text.java.JavaReconcilingStrategy$1.run(JavaReconcilingStrategy.java:89)
	at org.eclipse.core.runtime.SafeRunner.run(SafeRunner.java:42)
	at org.eclipse.jdt.internal.ui.text.java.JavaReconcilingStrategy.reconcile(JavaReconcilingStrategy.java:87)
	at org.eclipse.jdt.internal.ui.text.java.JavaReconcilingStrategy.initialReconcile(JavaReconcilingStrategy.java:178)
	at org.eclipse.jdt.internal.ui.text.CompositeReconcilingStrategy.initialReconcile(CompositeReconcilingStrategy.java:114)
	at org.eclipse.jdt.internal.ui.text.JavaCompositeReconcilingStrategy.initialReconcile(JavaCompositeReconcilingStrategy.java:136)
	at org.eclipse.jface.text.reconciler.MonoReconciler.initialProcess(MonoReconciler.java:105)
	at org.eclipse.jdt.internal.ui.text.JavaReconciler.initialProcess(JavaReconciler.java:406)
	at org.eclipse.jface.text.reconciler.AbstractReconciler$BackgroundThread.run(AbstractReconciler.java:173)

!ENTRY org.eclipse.egit.ui 2 0 2014-02-23 21:04:10.950
!MESSAGE Warning: EGit couldn't detect the installation path "gitPrefix" of native Git. Hence EGit can't respect system level
Git settings which might be configured in ${gitPrefix}/etc/gitconfig under the native Git installation directory.
The most important of these settings is core.autocrlf. Git for Windows by default sets this parameter to true in
this system level configuration. The Git installation location can be configured on the
Team > Git > Configuration preference page's 'System Settings' tab.
This warning can be switched off on the Team > Git > Confirmations and Warnings preference page.

!ENTRY org.eclipse.egit.ui 2 0 2014-02-23 21:04:10.953
!MESSAGE Warning: The environment variable HOME is not set. The following directory will be used to store the Git
user global configuration and to define the default location to store repositories: 'C:\Users\pancho'. If this is
not correct please set the HOME environment variable and restart Eclipse. Otherwise Git for Windows and
EGit might behave differently since they see different configuration options.
This warning can be switched off on the Team > Git > Confirmations and Warnings preference page.

!ENTRY org.eclipse.jface 2 0 2014-02-23 21:12:58.716
!MESSAGE Keybinding conflicts occurred.  They may interfere with normal accelerator operation.
!SUBENTRY 1 org.eclipse.jface 2 0 2014-02-23 21:12:58.716
!MESSAGE A conflict occurred for CTRL+I:
Binding(CTRL+I,
	ParameterizedCommand(Command(org.eclipse.jdt.ui.edit.text.java.indent,Correct Indentation,
		Corrects the indentation of the selected lines,
		Category(org.eclipse.jdt.ui.category.source,Source,Java Source Actions,true),
		org.eclipse.ui.internal.MakeHandlersGo@4f964d62,
		,,true),null),
	org.eclipse.ui.defaultAcceleratorConfiguration,
	org.eclipse.jdt.ui.javaEditorScope,,,system)
Binding(CTRL+I,
	ParameterizedCommand(Command(org.eclipse.wst.sse.ui.format.active.elements,Format Active Elements,
		Format active elements,
		Category(org.eclipse.ui.category.edit,Edit,null,true),
		org.eclipse.ui.internal.MakeHandlersGo@2dbbec72,
		,,true),null),
	org.eclipse.ui.defaultAcceleratorConfiguration,
	org.eclipse.wst.sse.ui.structuredTextEditorScope,,,system)
!SUBENTRY 1 org.eclipse.jface 2 0 2014-02-23 21:12:58.716
!MESSAGE A conflict occurred for CTRL+SHIFT+F:
Binding(CTRL+SHIFT+F,
	ParameterizedCommand(Command(org.eclipse.jdt.ui.edit.text.java.format,Format,
		Format the selected text,
		Category(org.eclipse.jdt.ui.category.source,Source,Java Source Actions,true),
		org.eclipse.ui.internal.MakeHandlersGo@14b285c0,
		,,true),null),
	org.eclipse.ui.defaultAcceleratorConfiguration,
	org.eclipse.jdt.ui.javaEditorScope,,,system)
Binding(CTRL+SHIFT+F,
	ParameterizedCommand(Command(org.eclipse.wst.sse.ui.format.document,Format,
		Format selection,
		Category(org.eclipse.ui.category.edit,Edit,null,true),
		org.eclipse.ui.internal.MakeHandlersGo@3316f2e6,
		,,true),null),
	org.eclipse.ui.defaultAcceleratorConfiguration,
	org.eclipse.wst.sse.ui.structuredTextEditorScope,,,system)
!SUBENTRY 1 org.eclipse.jface 2 0 2014-02-23 21:12:58.716
!MESSAGE A conflict occurred for CTRL+SHIFT+ARROW_DOWN:
Binding(CTRL+SHIFT+ARROW_DOWN,
	ParameterizedCommand(Command(org.eclipse.jdt.ui.edit.text.java.goto.next.member,Go to Next Member,
		Move the caret to the next member of the compilation unit,
		Category(org.eclipse.ui.category.navigate,Navigate,null,true),
		org.eclipse.ui.internal.MakeHandlersGo@546b0add,
		,,true),null),
	org.eclipse.ui.defaultAcceleratorConfiguration,
	org.eclipse.jdt.ui.javaEditorScope,,,system)
Binding(CTRL+SHIFT+ARROW_DOWN,
	ParameterizedCommand(Command(org.eclipse.wst.xml.ui.nextSibling,Next Sibling,
		Go to Next Sibling,
		Category(org.eclipse.ui.category.edit,Edit,null,true),
		org.eclipse.ui.internal.MakeHandlersGo@8191a42,
		,,true),null),
	org.eclipse.ui.defaultAcceleratorConfiguration,
	org.eclipse.wst.sse.ui.structuredTextEditorScope,,,system)
!SUBENTRY 1 org.eclipse.jface 2 0 2014-02-23 21:12:58.716
!MESSAGE A conflict occurred for ALT+SHIFT+ARROW_LEFT:
Binding(ALT+SHIFT+ARROW_LEFT,
	ParameterizedCommand(Command(org.eclipse.jdt.ui.edit.text.java.select.previous,Select Previous Element,
		Expand selection to include previous sibling,
		Category(org.eclipse.ui.category.edit,Edit,null,true),
		org.eclipse.ui.internal.MakeHandlersGo@3f965e77,
		,,true),null),
	org.eclipse.ui.defaultAcceleratorConfiguration,
	org.eclipse.jdt.ui.javaEditorScope,,,system)
Binding(ALT+SHIFT+ARROW_LEFT,
	ParameterizedCommand(Command(org.eclipse.wst.sse.ui.structure.select.previous,Select Previous Element,
		Expand selection to include previous sibling,
		Category(org.eclipse.ui.category.edit,Edit,null,true),
		org.eclipse.ui.internal.MakeHandlersGo@3162a60a,
		,,true),null),
	org.eclipse.ui.defaultAcceleratorConfiguration,
	org.eclipse.wst.sse.ui.structuredTextEditorScope,,,system)
!SUBENTRY 1 org.eclipse.jface 2 0 2014-02-23 21:12:58.716
!MESSAGE A conflict occurred for ALT+SHIFT+ARROW_UP:
Binding(ALT+SHIFT+ARROW_UP,
	ParameterizedCommand(Command(org.eclipse.jdt.ui.edit.text.java.select.enclosing,Select Enclosing Element,
		Expand selection to include enclosing element,
		Category(org.eclipse.ui.category.edit,Edit,null,true),
		org.eclipse.ui.internal.MakeHandlersGo@2913f73e,
		,,true),null),
	org.eclipse.ui.defaultAcceleratorConfiguration,
	org.eclipse.jdt.ui.javaEditorScope,,,system)
Binding(ALT+SHIFT+ARROW_UP,
	ParameterizedCommand(Command(org.eclipse.wst.sse.ui.structure.select.enclosing,Select Enclosing Element,
		Expand selection to include enclosing element,
		Category(org.eclipse.ui.category.edit,Edit,null,true),
		org.eclipse.ui.internal.MakeHandlersGo@1aa3c177,
		,,true),null),
	org.eclipse.ui.defaultAcceleratorConfiguration,
	org.eclipse.wst.sse.ui.structuredTextEditorScope,,,system)
!SUBENTRY 1 org.eclipse.jface 2 0 2014-02-23 21:12:58.716
!MESSAGE A conflict occurred for CTRL+SHIFT+P:
Binding(CTRL+SHIFT+P,
	ParameterizedCommand(Command(org.eclipse.jdt.ui.edit.text.java.goto.matching.bracket,Go to Matching Bracket,
		Moves the cursor to the matching bracket,
		Category(org.eclipse.ui.category.navigate,Navigate,null,true),
		org.eclipse.ui.internal.MakeHandlersGo@5dcd1c83,
		,,true),null),
	org.eclipse.ui.defaultAcceleratorConfiguration,
	org.eclipse.jdt.ui.javaEditorScope,,,system)
Binding(CTRL+SHIFT+P,
	ParameterizedCommand(Command(org.eclipse.wst.sse.ui.goto.matching.bracket,Matching Bracket,
		Go to Matching Bracket,
		Category(org.eclipse.ui.category.navigate,Navigate,null,true),
		org.eclipse.ui.internal.MakeHandlersGo@14c55164,
		,,true),null),
	org.eclipse.ui.defaultAcceleratorConfiguration,
	org.eclipse.wst.sse.ui.structuredTextEditorScope,,,system)
!SUBENTRY 1 org.eclipse.jface 2 0 2014-02-23 21:12:58.716
!MESSAGE A conflict occurred for CTRL+SHIFT+/:
Binding(CTRL+SHIFT+/,
	ParameterizedCommand(Command(org.eclipse.jdt.ui.edit.text.java.add.block.comment,Add Block Comment,
		Enclose the selection with a block comment,
		Category(org.eclipse.jdt.ui.category.source,Source,Java Source Actions,true),
		org.eclipse.ui.internal.MakeHandlersGo@450b0c91,
		,,true),null),
	org.eclipse.ui.defaultAcceleratorConfiguration,
	org.eclipse.jdt.ui.javaEditorScope,,,system)
Binding(CTRL+SHIFT+/,
	ParameterizedCommand(Command(org.eclipse.wst.sse.ui.add.block.comment,Add Block Comment,
		Add Block Comment,
		Category(org.eclipse.ui.category.edit,Edit,null,true),
		org.eclipse.ui.internal.MakeHandlersGo@1e4651bf,
		,,true),null),
	org.eclipse.ui.defaultAcceleratorConfiguration,
	org.eclipse.wst.sse.ui.structuredTextEditorScope,,,system)
!SUBENTRY 1 org.eclipse.jface 2 0 2014-02-23 21:12:58.716
!MESSAGE A conflict occurred for CTRL+O:
Binding(CTRL+O,
	ParameterizedCommand(Command(org.eclipse.jdt.ui.edit.text.java.show.outline,Quick Outline,
		Show the quick outline for the editor input,
		Category(org.eclipse.ui.category.navigate,Navigate,null,true),
		org.eclipse.ui.internal.MakeHandlersGo@58662700,
		,,true),null),
	org.eclipse.ui.defaultAcceleratorConfiguration,
	org.eclipse.jdt.ui.javaEditorScope,,,system)
Binding(CTRL+O,
	ParameterizedCommand(Command(org.eclipse.wst.sse.ui.quick_outline,Quick Outline,
		Show the quick outline for the editor input,
		Category(org.eclipse.ui.category.navigate,Navigate,null,true),
		org.eclipse.ui.internal.MakeHandlersGo@1a8a9e57,
		,,true),null),
	org.eclipse.ui.defaultAcceleratorConfiguration,
	org.eclipse.wst.sse.ui.structuredTextEditorScope,,,system)
!SUBENTRY 1 org.eclipse.jface 2 0 2014-02-23 21:12:58.716
!MESSAGE A conflict occurred for CTRL+SHIFT+ARROW_UP:
Binding(CTRL+SHIFT+ARROW_UP,
	ParameterizedCommand(Command(org.eclipse.jdt.ui.edit.text.java.goto.previous.member,Go to Previous Member,
		Move the caret to the previous member of the compilation unit,
		Category(org.eclipse.ui.category.navigate,Navigate,null,true),
		org.eclipse.ui.internal.MakeHandlersGo@2a16f5e,
		,,true),null),
	org.eclipse.ui.defaultAcceleratorConfiguration,
	org.eclipse.jdt.ui.javaEditorScope,,,system)
Binding(CTRL+SHIFT+ARROW_UP,
	ParameterizedCommand(Command(org.eclipse.wst.xml.ui.previousSibling,Previous Sibling,
		Go to Previous Sibling,
		Category(org.eclipse.ui.category.edit,Edit,null,true),
		org.eclipse.ui.internal.MakeHandlersGo@195dbaab,
		,,true),null),
	org.eclipse.ui.defaultAcceleratorConfiguration,
	org.eclipse.wst.sse.ui.structuredTextEditorScope,,,system)
!SUBENTRY 1 org.eclipse.jface 2 0 2014-02-23 21:12:58.716
!MESSAGE A conflict occurred for ALT+SHIFT+ARROW_DOWN:
Binding(ALT+SHIFT+ARROW_DOWN,
	ParameterizedCommand(Command(org.eclipse.jdt.ui.edit.text.java.select.last,Restore Last Selection,
		Restore last selection,
		Category(org.eclipse.ui.category.edit,Edit,null,true),
		org.eclipse.ui.internal.MakeHandlersGo@349685ab,
		,,true),null),
	org.eclipse.ui.defaultAcceleratorConfiguration,
	org.eclipse.jdt.ui.javaEditorScope,,,system)
Binding(ALT+SHIFT+ARROW_DOWN,
	ParameterizedCommand(Command(org.eclipse.wst.sse.ui.structure.select.last,Restore Last Selection,
		Restore last selection,
		Category(org.eclipse.ui.category.edit,Edit,null,true),
		org.eclipse.ui.internal.MakeHandlersGo@7c2fbdd2,
		,,true),null),
	org.eclipse.ui.defaultAcceleratorConfiguration,
	org.eclipse.wst.sse.ui.structuredTextEditorScope,,,system)
!SUBENTRY 1 org.eclipse.jface 2 0 2014-02-23 21:12:58.717
!MESSAGE A conflict occurred for CTRL+SHIFT+C:
Binding(CTRL+SHIFT+C,
	ParameterizedCommand(Command(org.eclipse.jdt.ui.edit.text.java.toggle.comment,Toggle Comment,
		Toggle comment the selected lines,
		Category(org.eclipse.jdt.ui.category.source,Source,Java Source Actions,true),
		org.eclipse.ui.internal.MakeHandlersGo@621b886,
		,,true),null),
	org.eclipse.ui.defaultAcceleratorConfiguration,
	org.eclipse.jdt.ui.javaEditorScope,,,system)
Binding(CTRL+SHIFT+C,
	ParameterizedCommand(Command(org.eclipse.wst.sse.ui.toggle.comment,Toggle Comment,
		Toggle Comment,
		Category(org.eclipse.ui.category.edit,Edit,null,true),
		org.eclipse.ui.internal.MakeHandlersGo@3a0aaa10,
		,,true),null),
	org.eclipse.ui.defaultAcceleratorConfiguration,
	org.eclipse.wst.sse.ui.structuredTextEditorScope,,,system)
!SUBENTRY 1 org.eclipse.jface 2 0 2014-02-23 21:12:58.717
!MESSAGE A conflict occurred for ALT+SHIFT+ARROW_RIGHT:
Binding(ALT+SHIFT+ARROW_RIGHT,
	ParameterizedCommand(Command(org.eclipse.jdt.ui.edit.text.java.select.next,Select Next Element,
		Expand selection to include next sibling,
		Category(org.eclipse.ui.category.edit,Edit,null,true),
		org.eclipse.ui.internal.MakeHandlersGo@fd9688f,
		,,true),null),
	org.eclipse.ui.defaultAcceleratorConfiguration,
	org.eclipse.jdt.ui.javaEditorScope,,,system)
Binding(ALT+SHIFT+ARROW_RIGHT,
	ParameterizedCommand(Command(org.eclipse.wst.sse.ui.structure.select.next,Select Next Element,
		Expand selection to include next sibling,
		Category(org.eclipse.ui.category.edit,Edit,null,true),
		org.eclipse.ui.internal.MakeHandlersGo@4bcfd41a,
		,,true),null),
	org.eclipse.ui.defaultAcceleratorConfiguration,
	org.eclipse.wst.sse.ui.structuredTextEditorScope,,,system)
!SUBENTRY 1 org.eclipse.jface 2 0 2014-02-23 21:12:58.717
!MESSAGE A conflict occurred for CTRL+SHIFT+\:
Binding(CTRL+SHIFT+\,
	ParameterizedCommand(Command(org.eclipse.jdt.ui.edit.text.java.remove.block.comment,Remove Block Comment,
		Remove the block comment enclosing the selection,
		Category(org.eclipse.jdt.ui.category.source,Source,Java Source Actions,true),
		org.eclipse.ui.internal.MakeHandlersGo@a5f8c6a,
		,,true),null),
	org.eclipse.ui.defaultAcceleratorConfiguration,
	org.eclipse.jdt.ui.javaEditorScope,,,system)
Binding(CTRL+SHIFT+\,
	ParameterizedCommand(Command(org.eclipse.wst.sse.ui.remove.block.comment,Remove Block Comment,
		Remove Block Comment,
		Category(org.eclipse.ui.category.edit,Edit,null,true),
		org.eclipse.ui.internal.MakeHandlersGo@610d3d99,
		,,true),null),
	org.eclipse.ui.defaultAcceleratorConfiguration,
	org.eclipse.wst.sse.ui.structuredTextEditorScope,,,system)

!ENTRY org.eclipse.jdt.debug 4 125 2014-02-23 22:22:51.681
!MESSAGE Internal error logged from JDI Debug: 
!STACK 1
org.eclipse.debug.core.DebugException: Invalid stack frame
	at org.eclipse.jdt.internal.debug.core.model.JDIStackFrame.getUnderlyingStackFrame(JDIStackFrame.java:1093)
	at org.eclipse.jdt.internal.debug.core.model.JDIStackFrame.getUnderlyingThisObject(JDIStackFrame.java:753)
	at org.eclipse.jdt.internal.debug.core.model.JDIStackFrame.getThis(JDIStackFrame.java:1145)
	at org.eclipse.jdt.internal.debug.ui.JavaDebugHover.getHoverInfo2(JavaDebugHover.java:362)
	at org.eclipse.jdt.internal.ui.text.java.hover.BestMatchHover.getHoverInfo2(BestMatchHover.java:163)
	at org.eclipse.jdt.internal.ui.text.java.hover.BestMatchHover.getHoverInfo2(BestMatchHover.java:129)
	at org.eclipse.jdt.internal.ui.text.java.hover.JavaEditorTextHoverProxy.getHoverInfo2(JavaEditorTextHoverProxy.java:85)
	at org.eclipse.jface.text.TextViewerHoverManager$4.run(TextViewerHoverManager.java:166)
!SUBENTRY 1 org.eclipse.jdt.debug 4 100 2014-02-23 22:22:51.682
!MESSAGE Invalid stack frame
!SESSION 2014-02-24 12:59:11.926 -----------------------------------------------
eclipse.buildId=v22.3.0-887826
java.version=1.6.0_45
java.vendor=Sun Microsystems Inc.
BootLoader constants: OS=win32, ARCH=x86_64, WS=win32, NL=en_US
Framework arguments:  -product com.android.ide.eclipse.adt.package.product
Command-line arguments:  -os win32 -ws win32 -arch x86_64 -product com.android.ide.eclipse.adt.package.product

!ENTRY org.eclipse.osgi 2 0 2014-02-24 12:59:48.530
!MESSAGE While loading class "com.android.ide.eclipse.adt.internal.project.AndroidClasspathContainerInitializer", thread "Thread[org.eclipse.jdt.internal.ui.text.JavaReconciler,1,main]" timed out waiting (5044ms) for thread "Thread[main,6,main]" to finish starting bundle "com.android.ide.eclipse.adt_22.3.0.v201310242005-887826 [2]". To avoid deadlock, thread "Thread[org.eclipse.jdt.internal.ui.text.JavaReconciler,1,main]" is proceeding but "com.android.ide.eclipse.adt.internal.project.AndroidClasspathContainerInitializer" may not be fully initialized.
!STACK 0
org.osgi.framework.BundleException: State change in progress for bundle "reference:file:plugins/com.android.ide.eclipse.adt_22.3.0.v201310242005-887826.jar" by thread "main".
	at org.eclipse.osgi.framework.internal.core.AbstractBundle.beginStateChange(AbstractBundle.java:1088)
	at org.eclipse.osgi.framework.internal.core.AbstractBundle.start(AbstractBundle.java:298)
	at org.eclipse.osgi.framework.util.SecureAction.start(SecureAction.java:440)
	at org.eclipse.osgi.internal.loader.BundleLoader.setLazyTrigger(BundleLoader.java:263)
	at org.eclipse.core.runtime.internal.adaptor.EclipseLazyStarter.postFindLocalClass(EclipseLazyStarter.java:107)
	at org.eclipse.osgi.baseadaptor.loader.ClasspathManager.findLocalClass(ClasspathManager.java:469)
	at org.eclipse.osgi.internal.baseadaptor.DefaultClassLoader.findLocalClass(DefaultClassLoader.java:216)
	at org.eclipse.osgi.internal.loader.BundleLoader.findLocalClass(BundleLoader.java:395)
	at org.eclipse.osgi.internal.loader.BundleLoader.findClassInternal(BundleLoader.java:464)
	at org.eclipse.osgi.internal.loader.BundleLoader.findClass(BundleLoader.java:421)
	at org.eclipse.osgi.internal.loader.BundleLoader.findClass(BundleLoader.java:412)
	at org.eclipse.osgi.internal.baseadaptor.DefaultClassLoader.loadClass(DefaultClassLoader.java:107)
	at java.lang.ClassLoader.loadClass(Unknown Source)
	at org.eclipse.osgi.internal.loader.BundleLoader.loadClass(BundleLoader.java:340)
	at org.eclipse.osgi.framework.internal.core.BundleHost.loadClass(BundleHost.java:229)
	at org.eclipse.osgi.framework.internal.core.AbstractBundle.loadClass(AbstractBundle.java:1212)
	at org.eclipse.core.internal.registry.osgi.RegistryStrategyOSGI.createExecutableExtension(RegistryStrategyOSGI.java:174)
	at org.eclipse.core.internal.registry.ExtensionRegistry.createExecutableExtension(ExtensionRegistry.java:905)
	at org.eclipse.core.internal.registry.ConfigurationElement.createExecutableExtension(ConfigurationElement.java:243)
	at org.eclipse.core.internal.registry.ConfigurationElementHandle.createExecutableExtension(ConfigurationElementHandle.java:55)
	at org.eclipse.jdt.core.JavaCore.computeClasspathContainerInitializer(JavaCore.java:3175)
	at org.eclipse.jdt.core.JavaCore.getClasspathContainerInitializer(JavaCore.java:3151)
	at org.eclipse.jdt.internal.core.JavaModelManager.initializeContainer(JavaModelManager.java:2824)
	at org.eclipse.jdt.internal.core.JavaModelManager.getClasspathContainer(JavaModelManager.java:1878)
	at org.eclipse.jdt.core.JavaCore.getClasspathContainer(JavaCore.java:3128)
	at org.eclipse.jdt.internal.core.JavaProject.resolveClasspath(JavaProject.java:2691)
	at org.eclipse.jdt.internal.core.JavaProject.resolveClasspath(JavaProject.java:2855)
	at org.eclipse.jdt.internal.core.JavaProject.getResolvedClasspath(JavaProject.java:1960)
	at org.eclipse.jdt.internal.core.JavaProject.buildStructure(JavaProject.java:463)
	at org.eclipse.jdt.internal.core.Openable.generateInfos(Openable.java:258)
	at org.eclipse.jdt.internal.core.JavaElement.openWhenClosed(JavaElement.java:518)
	at org.eclipse.jdt.internal.core.JavaElement.getElementInfo(JavaElement.java:255)
	at org.eclipse.jdt.internal.core.JavaElement.getElementInfo(JavaElement.java:241)
	at org.eclipse.jdt.internal.core.JavaProject.getJavaProjectElementInfo(JavaProject.java:1640)
	at org.eclipse.jdt.internal.core.JavaProject.newNameLookup(JavaProject.java:2327)
	at org.eclipse.jdt.internal.core.SearchableEnvironment.<init>(SearchableEnvironment.java:59)
	at org.eclipse.jdt.internal.core.SearchableEnvironment.<init>(SearchableEnvironment.java:66)
	at org.eclipse.jdt.internal.core.CancelableNameEnvironment.<init>(CancelableNameEnvironment.java:26)
	at org.eclipse.jdt.internal.core.CompilationUnitProblemFinder.process(CompilationUnitProblemFinder.java:176)
	at org.eclipse.jdt.internal.core.CompilationUnitProblemFinder.process(CompilationUnitProblemFinder.java:269)
	at org.eclipse.jdt.internal.core.ReconcileWorkingCopyOperation.makeConsistent(ReconcileWorkingCopyOperation.java:190)
	at org.eclipse.jdt.internal.core.ReconcileWorkingCopyOperation.executeOperation(ReconcileWorkingCopyOperation.java:89)
	at org.eclipse.jdt.internal.core.JavaModelOperation.run(JavaModelOperation.java:728)
	at org.eclipse.jdt.internal.core.JavaModelOperation.runOperation(JavaModelOperation.java:788)
	at org.eclipse.jdt.internal.core.CompilationUnit.reconcile(CompilationUnit.java:1247)
	at org.eclipse.jdt.internal.ui.text.java.JavaReconcilingStrategy.reconcile(JavaReconcilingStrategy.java:126)
	at org.eclipse.jdt.internal.ui.text.java.JavaReconcilingStrategy.access$0(JavaReconcilingStrategy.java:108)
	at org.eclipse.jdt.internal.ui.text.java.JavaReconcilingStrategy$1.run(JavaReconcilingStrategy.java:89)
	at org.eclipse.core.runtime.SafeRunner.run(SafeRunner.java:42)
	at org.eclipse.jdt.internal.ui.text.java.JavaReconcilingStrategy.reconcile(JavaReconcilingStrategy.java:87)
	at org.eclipse.jdt.internal.ui.text.java.JavaReconcilingStrategy.initialReconcile(JavaReconcilingStrategy.java:178)
	at org.eclipse.jdt.internal.ui.text.CompositeReconcilingStrategy.initialReconcile(CompositeReconcilingStrategy.java:114)
	at org.eclipse.jdt.internal.ui.text.JavaCompositeReconcilingStrategy.initialReconcile(JavaCompositeReconcilingStrategy.java:136)
	at org.eclipse.jface.text.reconciler.MonoReconciler.initialProcess(MonoReconciler.java:105)
	at org.eclipse.jdt.internal.ui.text.JavaReconciler.initialProcess(JavaReconciler.java:406)
	at org.eclipse.jface.text.reconciler.AbstractReconciler$BackgroundThread.run(AbstractReconciler.java:173)
Caused by: org.eclipse.osgi.framework.internal.core.AbstractBundle$BundleStatusException
	... 56 more
Root exception:
org.eclipse.osgi.framework.internal.core.AbstractBundle$BundleStatusException
	at org.eclipse.osgi.framework.internal.core.AbstractBundle.beginStateChange(AbstractBundle.java:1088)
	at org.eclipse.osgi.framework.internal.core.AbstractBundle.start(AbstractBundle.java:298)
	at org.eclipse.osgi.framework.util.SecureAction.start(SecureAction.java:440)
	at org.eclipse.osgi.internal.loader.BundleLoader.setLazyTrigger(BundleLoader.java:263)
	at org.eclipse.core.runtime.internal.adaptor.EclipseLazyStarter.postFindLocalClass(EclipseLazyStarter.java:107)
	at org.eclipse.osgi.baseadaptor.loader.ClasspathManager.findLocalClass(ClasspathManager.java:469)
	at org.eclipse.osgi.internal.baseadaptor.DefaultClassLoader.findLocalClass(DefaultClassLoader.java:216)
	at org.eclipse.osgi.internal.loader.BundleLoader.findLocalClass(BundleLoader.java:395)
	at org.eclipse.osgi.internal.loader.BundleLoader.findClassInternal(BundleLoader.java:464)
	at org.eclipse.osgi.internal.loader.BundleLoader.findClass(BundleLoader.java:421)
	at org.eclipse.osgi.internal.loader.BundleLoader.findClass(BundleLoader.java:412)
	at org.eclipse.osgi.internal.baseadaptor.DefaultClassLoader.loadClass(DefaultClassLoader.java:107)
	at java.lang.ClassLoader.loadClass(Unknown Source)
	at org.eclipse.osgi.internal.loader.BundleLoader.loadClass(BundleLoader.java:340)
	at org.eclipse.osgi.framework.internal.core.BundleHost.loadClass(BundleHost.java:229)
	at org.eclipse.osgi.framework.internal.core.AbstractBundle.loadClass(AbstractBundle.java:1212)
	at org.eclipse.core.internal.registry.osgi.RegistryStrategyOSGI.createExecutableExtension(RegistryStrategyOSGI.java:174)
	at org.eclipse.core.internal.registry.ExtensionRegistry.createExecutableExtension(ExtensionRegistry.java:905)
	at org.eclipse.core.internal.registry.ConfigurationElement.createExecutableExtension(ConfigurationElement.java:243)
	at org.eclipse.core.internal.registry.ConfigurationElementHandle.createExecutableExtension(ConfigurationElementHandle.java:55)
	at org.eclipse.jdt.core.JavaCore.computeClasspathContainerInitializer(JavaCore.java:3175)
	at org.eclipse.jdt.core.JavaCore.getClasspathContainerInitializer(JavaCore.java:3151)
	at org.eclipse.jdt.internal.core.JavaModelManager.initializeContainer(JavaModelManager.java:2824)
	at org.eclipse.jdt.internal.core.JavaModelManager.getClasspathContainer(JavaModelManager.java:1878)
	at org.eclipse.jdt.core.JavaCore.getClasspathContainer(JavaCore.java:3128)
	at org.eclipse.jdt.internal.core.JavaProject.resolveClasspath(JavaProject.java:2691)
	at org.eclipse.jdt.internal.core.JavaProject.resolveClasspath(JavaProject.java:2855)
	at org.eclipse.jdt.internal.core.JavaProject.getResolvedClasspath(JavaProject.java:1960)
	at org.eclipse.jdt.internal.core.JavaProject.buildStructure(JavaProject.java:463)
	at org.eclipse.jdt.internal.core.Openable.generateInfos(Openable.java:258)
	at org.eclipse.jdt.internal.core.JavaElement.openWhenClosed(JavaElement.java:518)
	at org.eclipse.jdt.internal.core.JavaElement.getElementInfo(JavaElement.java:255)
	at org.eclipse.jdt.internal.core.JavaElement.getElementInfo(JavaElement.java:241)
	at org.eclipse.jdt.internal.core.JavaProject.getJavaProjectElementInfo(JavaProject.java:1640)
	at org.eclipse.jdt.internal.core.JavaProject.newNameLookup(JavaProject.java:2327)
	at org.eclipse.jdt.internal.core.SearchableEnvironment.<init>(SearchableEnvironment.java:59)
	at org.eclipse.jdt.internal.core.SearchableEnvironment.<init>(SearchableEnvironment.java:66)
	at org.eclipse.jdt.internal.core.CancelableNameEnvironment.<init>(CancelableNameEnvironment.java:26)
	at org.eclipse.jdt.internal.core.CompilationUnitProblemFinder.process(CompilationUnitProblemFinder.java:176)
	at org.eclipse.jdt.internal.core.CompilationUnitProblemFinder.process(CompilationUnitProblemFinder.java:269)
	at org.eclipse.jdt.internal.core.ReconcileWorkingCopyOperation.makeConsistent(ReconcileWorkingCopyOperation.java:190)
	at org.eclipse.jdt.internal.core.ReconcileWorkingCopyOperation.executeOperation(ReconcileWorkingCopyOperation.java:89)
	at org.eclipse.jdt.internal.core.JavaModelOperation.run(JavaModelOperation.java:728)
	at org.eclipse.jdt.internal.core.JavaModelOperation.runOperation(JavaModelOperation.java:788)
	at org.eclipse.jdt.internal.core.CompilationUnit.reconcile(CompilationUnit.java:1247)
	at org.eclipse.jdt.internal.ui.text.java.JavaReconcilingStrategy.reconcile(JavaReconcilingStrategy.java:126)
	at org.eclipse.jdt.internal.ui.text.java.JavaReconcilingStrategy.access$0(JavaReconcilingStrategy.java:108)
	at org.eclipse.jdt.internal.ui.text.java.JavaReconcilingStrategy$1.run(JavaReconcilingStrategy.java:89)
	at org.eclipse.core.runtime.SafeRunner.run(SafeRunner.java:42)
	at org.eclipse.jdt.internal.ui.text.java.JavaReconcilingStrategy.reconcile(JavaReconcilingStrategy.java:87)
	at org.eclipse.jdt.internal.ui.text.java.JavaReconcilingStrategy.initialReconcile(JavaReconcilingStrategy.java:178)
	at org.eclipse.jdt.internal.ui.text.CompositeReconcilingStrategy.initialReconcile(CompositeReconcilingStrategy.java:114)
	at org.eclipse.jdt.internal.ui.text.JavaCompositeReconcilingStrategy.initialReconcile(JavaCompositeReconcilingStrategy.java:136)
	at org.eclipse.jface.text.reconciler.MonoReconciler.initialProcess(MonoReconciler.java:105)
	at org.eclipse.jdt.internal.ui.text.JavaReconciler.initialProcess(JavaReconciler.java:406)
	at org.eclipse.jface.text.reconciler.AbstractReconciler$BackgroundThread.run(AbstractReconciler.java:173)

!ENTRY org.eclipse.osgi 2 0 2014-02-24 12:59:55.127
!MESSAGE While loading class "com.android.ide.eclipse.adt.internal.build.builders.ResourceManagerBuilder", thread "Thread[Worker-39,5,main]" timed out waiting (5000ms) for thread "Thread[main,6,main]" to finish starting bundle "com.android.ide.eclipse.adt_22.3.0.v201310242005-887826 [2]". To avoid deadlock, thread "Thread[Worker-39,5,main]" is proceeding but "com.android.ide.eclipse.adt.internal.build.builders.ResourceManagerBuilder" may not be fully initialized.
!STACK 0
org.osgi.framework.BundleException: State change in progress for bundle "reference:file:plugins/com.android.ide.eclipse.adt_22.3.0.v201310242005-887826.jar" by thread "main".
	at org.eclipse.osgi.framework.internal.core.AbstractBundle.beginStateChange(AbstractBundle.java:1088)
	at org.eclipse.osgi.framework.internal.core.AbstractBundle.start(AbstractBundle.java:298)
	at org.eclipse.osgi.framework.util.SecureAction.start(SecureAction.java:440)
	at org.eclipse.osgi.internal.loader.BundleLoader.setLazyTrigger(BundleLoader.java:263)
	at org.eclipse.core.runtime.internal.adaptor.EclipseLazyStarter.postFindLocalClass(EclipseLazyStarter.java:107)
	at org.eclipse.osgi.baseadaptor.loader.ClasspathManager.findLocalClass(ClasspathManager.java:469)
	at org.eclipse.osgi.internal.baseadaptor.DefaultClassLoader.findLocalClass(DefaultClassLoader.java:216)
	at org.eclipse.osgi.internal.loader.BundleLoader.findLocalClass(BundleLoader.java:395)
	at org.eclipse.osgi.internal.loader.BundleLoader.findClassInternal(BundleLoader.java:464)
	at org.eclipse.osgi.internal.loader.BundleLoader.findClass(BundleLoader.java:421)
	at org.eclipse.osgi.internal.loader.BundleLoader.findClass(BundleLoader.java:412)
	at org.eclipse.osgi.internal.baseadaptor.DefaultClassLoader.loadClass(DefaultClassLoader.java:107)
	at java.lang.ClassLoader.loadClass(Unknown Source)
	at org.eclipse.osgi.internal.loader.BundleLoader.loadClass(BundleLoader.java:340)
	at org.eclipse.osgi.framework.internal.core.BundleHost.loadClass(BundleHost.java:229)
	at org.eclipse.osgi.framework.internal.core.AbstractBundle.loadClass(AbstractBundle.java:1212)
	at org.eclipse.core.internal.registry.osgi.RegistryStrategyOSGI.createExecutableExtension(RegistryStrategyOSGI.java:174)
	at org.eclipse.core.internal.registry.ExtensionRegistry.createExecutableExtension(ExtensionRegistry.java:905)
	at org.eclipse.core.internal.registry.ConfigurationElement.createExecutableExtension(ConfigurationElement.java:243)
	at org.eclipse.core.internal.registry.ConfigurationElementHandle.createExecutableExtension(ConfigurationElementHandle.java:55)
	at org.eclipse.core.internal.events.BuildManager.instantiateBuilder(BuildManager.java:894)
	at org.eclipse.core.internal.events.BuildManager.initializeBuilder(BuildManager.java:847)
	at org.eclipse.core.internal.events.BuildManager.getBuilder(BuildManager.java:538)
	at org.eclipse.core.internal.events.BuildManager.getBuilder(BuildManager.java:567)
	at org.eclipse.core.internal.events.BuildManager.basicBuild(BuildManager.java:237)
	at org.eclipse.core.internal.events.BuildManager$1.run(BuildManager.java:292)
	at org.eclipse.core.runtime.SafeRunner.run(SafeRunner.java:42)
	at org.eclipse.core.internal.events.BuildManager.basicBuild(BuildManager.java:295)
	at org.eclipse.core.internal.events.BuildManager.basicBuildLoop(BuildManager.java:351)
	at org.eclipse.core.internal.events.BuildManager.build(BuildManager.java:374)
	at org.eclipse.core.internal.events.AutoBuildJob.doBuild(AutoBuildJob.java:143)
	at org.eclipse.core.internal.events.AutoBuildJob.run(AutoBuildJob.java:241)
	at org.eclipse.core.internal.jobs.Worker.run(Worker.java:53)
Caused by: org.eclipse.osgi.framework.internal.core.AbstractBundle$BundleStatusException
	... 33 more
Root exception:
org.eclipse.osgi.framework.internal.core.AbstractBundle$BundleStatusException
	at org.eclipse.osgi.framework.internal.core.AbstractBundle.beginStateChange(AbstractBundle.java:1088)
	at org.eclipse.osgi.framework.internal.core.AbstractBundle.start(AbstractBundle.java:298)
	at org.eclipse.osgi.framework.util.SecureAction.start(SecureAction.java:440)
	at org.eclipse.osgi.internal.loader.BundleLoader.setLazyTrigger(BundleLoader.java:263)
	at org.eclipse.core.runtime.internal.adaptor.EclipseLazyStarter.postFindLocalClass(EclipseLazyStarter.java:107)
	at org.eclipse.osgi.baseadaptor.loader.ClasspathManager.findLocalClass(ClasspathManager.java:469)
	at org.eclipse.osgi.internal.baseadaptor.DefaultClassLoader.findLocalClass(DefaultClassLoader.java:216)
	at org.eclipse.osgi.internal.loader.BundleLoader.findLocalClass(BundleLoader.java:395)
	at org.eclipse.osgi.internal.loader.BundleLoader.findClassInternal(BundleLoader.java:464)
	at org.eclipse.osgi.internal.loader.BundleLoader.findClass(BundleLoader.java:421)
	at org.eclipse.osgi.internal.loader.BundleLoader.findClass(BundleLoader.java:412)
	at org.eclipse.osgi.internal.baseadaptor.DefaultClassLoader.loadClass(DefaultClassLoader.java:107)
	at java.lang.ClassLoader.loadClass(Unknown Source)
	at org.eclipse.osgi.internal.loader.BundleLoader.loadClass(BundleLoader.java:340)
	at org.eclipse.osgi.framework.internal.core.BundleHost.loadClass(BundleHost.java:229)
	at org.eclipse.osgi.framework.internal.core.AbstractBundle.loadClass(AbstractBundle.java:1212)
	at org.eclipse.core.internal.registry.osgi.RegistryStrategyOSGI.createExecutableExtension(RegistryStrategyOSGI.java:174)
	at org.eclipse.core.internal.registry.ExtensionRegistry.createExecutableExtension(ExtensionRegistry.java:905)
	at org.eclipse.core.internal.registry.ConfigurationElement.createExecutableExtension(ConfigurationElement.java:243)
	at org.eclipse.core.internal.registry.ConfigurationElementHandle.createExecutableExtension(ConfigurationElementHandle.java:55)
	at org.eclipse.core.internal.events.BuildManager.instantiateBuilder(BuildManager.java:894)
	at org.eclipse.core.internal.events.BuildManager.initializeBuilder(BuildManager.java:847)
	at org.eclipse.core.internal.events.BuildManager.getBuilder(BuildManager.java:538)
	at org.eclipse.core.internal.events.BuildManager.getBuilder(BuildManager.java:567)
	at org.eclipse.core.internal.events.BuildManager.basicBuild(BuildManager.java:237)
	at org.eclipse.core.internal.events.BuildManager$1.run(BuildManager.java:292)
	at org.eclipse.core.runtime.SafeRunner.run(SafeRunner.java:42)
	at org.eclipse.core.internal.events.BuildManager.basicBuild(BuildManager.java:295)
	at org.eclipse.core.internal.events.BuildManager.basicBuildLoop(BuildManager.java:351)
	at org.eclipse.core.internal.events.BuildManager.build(BuildManager.java:374)
	at org.eclipse.core.internal.events.AutoBuildJob.doBuild(AutoBuildJob.java:143)
	at org.eclipse.core.internal.events.AutoBuildJob.run(AutoBuildJob.java:241)
	at org.eclipse.core.internal.jobs.Worker.run(Worker.java:53)

!ENTRY org.eclipse.osgi 2 0 2014-02-24 13:00:00.157
!MESSAGE While loading class "com.android.ide.eclipse.adt.internal.build.builders.BaseBuilder$AbortBuildException", thread "Thread[Worker-39,5,main]" timed out waiting (5001ms) for thread "Thread[main,6,main]" to finish starting bundle "com.android.ide.eclipse.adt_22.3.0.v201310242005-887826 [2]". To avoid deadlock, thread "Thread[Worker-39,5,main]" is proceeding but "com.android.ide.eclipse.adt.internal.build.builders.BaseBuilder$AbortBuildException" may not be fully initialized.
!STACK 0
org.osgi.framework.BundleException: State change in progress for bundle "reference:file:plugins/com.android.ide.eclipse.adt_22.3.0.v201310242005-887826.jar" by thread "main".
	at org.eclipse.osgi.framework.internal.core.AbstractBundle.beginStateChange(AbstractBundle.java:1088)
	at org.eclipse.osgi.framework.internal.core.AbstractBundle.start(AbstractBundle.java:298)
	at org.eclipse.osgi.framework.util.SecureAction.start(SecureAction.java:440)
	at org.eclipse.osgi.internal.loader.BundleLoader.setLazyTrigger(BundleLoader.java:263)
	at org.eclipse.core.runtime.internal.adaptor.EclipseLazyStarter.postFindLocalClass(EclipseLazyStarter.java:107)
	at org.eclipse.osgi.baseadaptor.loader.ClasspathManager.findLocalClass(ClasspathManager.java:469)
	at org.eclipse.osgi.internal.baseadaptor.DefaultClassLoader.findLocalClass(DefaultClassLoader.java:216)
	at org.eclipse.osgi.internal.loader.BundleLoader.findLocalClass(BundleLoader.java:395)
	at org.eclipse.osgi.internal.loader.BundleLoader.findClassInternal(BundleLoader.java:464)
	at org.eclipse.osgi.internal.loader.BundleLoader.findClass(BundleLoader.java:421)
	at org.eclipse.osgi.internal.loader.BundleLoader.findClass(BundleLoader.java:412)
	at org.eclipse.osgi.internal.baseadaptor.DefaultClassLoader.loadClass(DefaultClassLoader.java:107)
	at java.lang.ClassLoader.loadClass(Unknown Source)
	at java.lang.Class.getDeclaredConstructors0(Native Method)
	at java.lang.Class.privateGetDeclaredConstructors(Unknown Source)
	at java.lang.Class.getConstructor0(Unknown Source)
	at java.lang.Class.newInstance0(Unknown Source)
	at java.lang.Class.newInstance(Unknown Source)
	at org.eclipse.core.internal.registry.osgi.RegistryStrategyOSGI.createExecutableExtension(RegistryStrategyOSGI.java:184)
	at org.eclipse.core.internal.registry.ExtensionRegistry.createExecutableExtension(ExtensionRegistry.java:905)
	at org.eclipse.core.internal.registry.ConfigurationElement.createExecutableExtension(ConfigurationElement.java:243)
	at org.eclipse.core.internal.registry.ConfigurationElementHandle.createExecutableExtension(ConfigurationElementHandle.java:55)
	at org.eclipse.core.internal.events.BuildManager.instantiateBuilder(BuildManager.java:894)
	at org.eclipse.core.internal.events.BuildManager.initializeBuilder(BuildManager.java:847)
	at org.eclipse.core.internal.events.BuildManager.getBuilder(BuildManager.java:538)
	at org.eclipse.core.internal.events.BuildManager.getBuilder(BuildManager.java:567)
	at org.eclipse.core.internal.events.BuildManager.basicBuild(BuildManager.java:237)
	at org.eclipse.core.internal.events.BuildManager$1.run(BuildManager.java:292)
	at org.eclipse.core.runtime.SafeRunner.run(SafeRunner.java:42)
	at org.eclipse.core.internal.events.BuildManager.basicBuild(BuildManager.java:295)
	at org.eclipse.core.internal.events.BuildManager.basicBuildLoop(BuildManager.java:351)
	at org.eclipse.core.internal.events.BuildManager.build(BuildManager.java:374)
	at org.eclipse.core.internal.events.AutoBuildJob.doBuild(AutoBuildJob.java:143)
	at org.eclipse.core.internal.events.AutoBuildJob.run(AutoBuildJob.java:241)
	at org.eclipse.core.internal.jobs.Worker.run(Worker.java:53)
Caused by: org.eclipse.osgi.framework.internal.core.AbstractBundle$BundleStatusException
	... 35 more
Root exception:
org.eclipse.osgi.framework.internal.core.AbstractBundle$BundleStatusException
	at org.eclipse.osgi.framework.internal.core.AbstractBundle.beginStateChange(AbstractBundle.java:1088)
	at org.eclipse.osgi.framework.internal.core.AbstractBundle.start(AbstractBundle.java:298)
	at org.eclipse.osgi.framework.util.SecureAction.start(SecureAction.java:440)
	at org.eclipse.osgi.internal.loader.BundleLoader.setLazyTrigger(BundleLoader.java:263)
	at org.eclipse.core.runtime.internal.adaptor.EclipseLazyStarter.postFindLocalClass(EclipseLazyStarter.java:107)
	at org.eclipse.osgi.baseadaptor.loader.ClasspathManager.findLocalClass(ClasspathManager.java:469)
	at org.eclipse.osgi.internal.baseadaptor.DefaultClassLoader.findLocalClass(DefaultClassLoader.java:216)
	at org.eclipse.osgi.internal.loader.BundleLoader.findLocalClass(BundleLoader.java:395)
	at org.eclipse.osgi.internal.loader.BundleLoader.findClassInternal(BundleLoader.java:464)
	at org.eclipse.osgi.internal.loader.BundleLoader.findClass(BundleLoader.java:421)
	at org.eclipse.osgi.internal.loader.BundleLoader.findClass(BundleLoader.java:412)
	at org.eclipse.osgi.internal.baseadaptor.DefaultClassLoader.loadClass(DefaultClassLoader.java:107)
	at java.lang.ClassLoader.loadClass(Unknown Source)
	at java.lang.Class.getDeclaredConstructors0(Native Method)
	at java.lang.Class.privateGetDeclaredConstructors(Unknown Source)
	at java.lang.Class.getConstructor0(Unknown Source)
	at java.lang.Class.newInstance0(Unknown Source)
	at java.lang.Class.newInstance(Unknown Source)
	at org.eclipse.core.internal.registry.osgi.RegistryStrategyOSGI.createExecutableExtension(RegistryStrategyOSGI.java:184)
	at org.eclipse.core.internal.registry.ExtensionRegistry.createExecutableExtension(ExtensionRegistry.java:905)
	at org.eclipse.core.internal.registry.ConfigurationElement.createExecutableExtension(ConfigurationElement.java:243)
	at org.eclipse.core.internal.registry.ConfigurationElementHandle.createExecutableExtension(ConfigurationElementHandle.java:55)
	at org.eclipse.core.internal.events.BuildManager.instantiateBuilder(BuildManager.java:894)
	at org.eclipse.core.internal.events.BuildManager.initializeBuilder(BuildManager.java:847)
	at org.eclipse.core.internal.events.BuildManager.getBuilder(BuildManager.java:538)
	at org.eclipse.core.internal.events.BuildManager.getBuilder(BuildManager.java:567)
	at org.eclipse.core.internal.events.BuildManager.basicBuild(BuildManager.java:237)
	at org.eclipse.core.internal.events.BuildManager$1.run(BuildManager.java:292)
	at org.eclipse.core.runtime.SafeRunner.run(SafeRunner.java:42)
	at org.eclipse.core.internal.events.BuildManager.basicBuild(BuildManager.java:295)
	at org.eclipse.core.internal.events.BuildManager.basicBuildLoop(BuildManager.java:351)
	at org.eclipse.core.internal.events.BuildManager.build(BuildManager.java:374)
	at org.eclipse.core.internal.events.AutoBuildJob.doBuild(AutoBuildJob.java:143)
	at org.eclipse.core.internal.events.AutoBuildJob.run(AutoBuildJob.java:241)
	at org.eclipse.core.internal.jobs.Worker.run(Worker.java:53)

!ENTRY org.eclipse.osgi 2 0 2014-02-24 13:00:05.161
!MESSAGE While loading class "com.android.ide.eclipse.adt.internal.project.XmlErrorHandler$XmlErrorListener", thread "Thread[Worker-39,5,main]" timed out waiting (5001ms) for thread "Thread[main,6,main]" to finish starting bundle "com.android.ide.eclipse.adt_22.3.0.v201310242005-887826 [2]". To avoid deadlock, thread "Thread[Worker-39,5,main]" is proceeding but "com.android.ide.eclipse.adt.internal.project.XmlErrorHandler$XmlErrorListener" may not be fully initialized.
!STACK 0
org.osgi.framework.BundleException: State change in progress for bundle "reference:file:plugins/com.android.ide.eclipse.adt_22.3.0.v201310242005-887826.jar" by thread "main".
	at org.eclipse.osgi.framework.internal.core.AbstractBundle.beginStateChange(AbstractBundle.java:1088)
	at org.eclipse.osgi.framework.internal.core.AbstractBundle.start(AbstractBundle.java:298)
	at org.eclipse.osgi.framework.util.SecureAction.start(SecureAction.java:440)
	at org.eclipse.osgi.internal.loader.BundleLoader.setLazyTrigger(BundleLoader.java:263)
	at org.eclipse.core.runtime.internal.adaptor.EclipseLazyStarter.postFindLocalClass(EclipseLazyStarter.java:107)
	at org.eclipse.osgi.baseadaptor.loader.ClasspathManager.findLocalClass(ClasspathManager.java:469)
	at org.eclipse.osgi.internal.baseadaptor.DefaultClassLoader.findLocalClass(DefaultClassLoader.java:216)
	at org.eclipse.osgi.internal.loader.BundleLoader.findLocalClass(BundleLoader.java:395)
	at org.eclipse.osgi.internal.loader.BundleLoader.findClassInternal(BundleLoader.java:464)
	at org.eclipse.osgi.internal.loader.BundleLoader.findClass(BundleLoader.java:421)
	at org.eclipse.osgi.internal.loader.BundleLoader.findClass(BundleLoader.java:412)
	at org.eclipse.osgi.internal.baseadaptor.DefaultClassLoader.loadClass(DefaultClassLoader.java:107)
	at java.lang.ClassLoader.loadClass(Unknown Source)
	at java.lang.Class.getDeclaredConstructors0(Native Method)
	at java.lang.Class.privateGetDeclaredConstructors(Unknown Source)
	at java.lang.Class.getConstructor0(Unknown Source)
	at java.lang.Class.newInstance0(Unknown Source)
	at java.lang.Class.newInstance(Unknown Source)
	at org.eclipse.core.internal.registry.osgi.RegistryStrategyOSGI.createExecutableExtension(RegistryStrategyOSGI.java:184)
	at org.eclipse.core.internal.registry.ExtensionRegistry.createExecutableExtension(ExtensionRegistry.java:905)
	at org.eclipse.core.internal.registry.ConfigurationElement.createExecutableExtension(ConfigurationElement.java:243)
	at org.eclipse.core.internal.registry.ConfigurationElementHandle.createExecutableExtension(ConfigurationElementHandle.java:55)
	at org.eclipse.core.internal.events.BuildManager.instantiateBuilder(BuildManager.java:894)
	at org.eclipse.core.internal.events.BuildManager.initializeBuilder(BuildManager.java:847)
	at org.eclipse.core.internal.events.BuildManager.getBuilder(BuildManager.java:538)
	at org.eclipse.core.internal.events.BuildManager.getBuilder(BuildManager.java:567)
	at org.eclipse.core.internal.events.BuildManager.basicBuild(BuildManager.java:237)
	at org.eclipse.core.internal.events.BuildManager$1.run(BuildManager.java:292)
	at org.eclipse.core.runtime.SafeRunner.run(SafeRunner.java:42)
	at org.eclipse.core.internal.events.BuildManager.basicBuild(BuildManager.java:295)
	at org.eclipse.core.internal.events.BuildManager.basicBuildLoop(BuildManager.java:351)
	at org.eclipse.core.internal.events.BuildManager.build(BuildManager.java:374)
	at org.eclipse.core.internal.events.AutoBuildJob.doBuild(AutoBuildJob.java:143)
	at org.eclipse.core.internal.events.AutoBuildJob.run(AutoBuildJob.java:241)
	at org.eclipse.core.internal.jobs.Worker.run(Worker.java:53)
Caused by: org.eclipse.osgi.framework.internal.core.AbstractBundle$BundleStatusException
	... 35 more
Root exception:
org.eclipse.osgi.framework.internal.core.AbstractBundle$BundleStatusException
	at org.eclipse.osgi.framework.internal.core.AbstractBundle.beginStateChange(AbstractBundle.java:1088)
	at org.eclipse.osgi.framework.internal.core.AbstractBundle.start(AbstractBundle.java:298)
	at org.eclipse.osgi.framework.util.SecureAction.start(SecureAction.java:440)
	at org.eclipse.osgi.internal.loader.BundleLoader.setLazyTrigger(BundleLoader.java:263)
	at org.eclipse.core.runtime.internal.adaptor.EclipseLazyStarter.postFindLocalClass(EclipseLazyStarter.java:107)
	at org.eclipse.osgi.baseadaptor.loader.ClasspathManager.findLocalClass(ClasspathManager.java:469)
	at org.eclipse.osgi.internal.baseadaptor.DefaultClassLoader.findLocalClass(DefaultClassLoader.java:216)
	at org.eclipse.osgi.internal.loader.BundleLoader.findLocalClass(BundleLoader.java:395)
	at org.eclipse.osgi.internal.loader.BundleLoader.findClassInternal(BundleLoader.java:464)
	at org.eclipse.osgi.internal.loader.BundleLoader.findClass(BundleLoader.java:421)
	at org.eclipse.osgi.internal.loader.BundleLoader.findClass(BundleLoader.java:412)
	at org.eclipse.osgi.internal.baseadaptor.DefaultClassLoader.loadClass(DefaultClassLoader.java:107)
	at java.lang.ClassLoader.loadClass(Unknown Source)
	at java.lang.Class.getDeclaredConstructors0(Native Method)
	at java.lang.Class.privateGetDeclaredConstructors(Unknown Source)
	at java.lang.Class.getConstructor0(Unknown Source)
	at java.lang.Class.newInstance0(Unknown Source)
	at java.lang.Class.newInstance(Unknown Source)
	at org.eclipse.core.internal.registry.osgi.RegistryStrategyOSGI.createExecutableExtension(RegistryStrategyOSGI.java:184)
	at org.eclipse.core.internal.registry.ExtensionRegistry.createExecutableExtension(ExtensionRegistry.java:905)
	at org.eclipse.core.internal.registry.ConfigurationElement.createExecutableExtension(ConfigurationElement.java:243)
	at org.eclipse.core.internal.registry.ConfigurationElementHandle.createExecutableExtension(ConfigurationElementHandle.java:55)
	at org.eclipse.core.internal.events.BuildManager.instantiateBuilder(BuildManager.java:894)
	at org.eclipse.core.internal.events.BuildManager.initializeBuilder(BuildManager.java:847)
	at org.eclipse.core.internal.events.BuildManager.getBuilder(BuildManager.java:538)
	at org.eclipse.core.internal.events.BuildManager.getBuilder(BuildManager.java:567)
	at org.eclipse.core.internal.events.BuildManager.basicBuild(BuildManager.java:237)
	at org.eclipse.core.internal.events.BuildManager$1.run(BuildManager.java:292)
	at org.eclipse.core.runtime.SafeRunner.run(SafeRunner.java:42)
	at org.eclipse.core.internal.events.BuildManager.basicBuild(BuildManager.java:295)
	at org.eclipse.core.internal.events.BuildManager.basicBuildLoop(BuildManager.java:351)
	at org.eclipse.core.internal.events.BuildManager.build(BuildManager.java:374)
	at org.eclipse.core.internal.events.AutoBuildJob.doBuild(AutoBuildJob.java:143)
	at org.eclipse.core.internal.events.AutoBuildJob.run(AutoBuildJob.java:241)
	at org.eclipse.core.internal.jobs.Worker.run(Worker.java:53)

!ENTRY org.eclipse.osgi 2 0 2014-02-24 13:00:10.164
!MESSAGE While loading class "com.android.ide.eclipse.adt.internal.project.XmlErrorHandler", thread "Thread[Worker-39,5,main]" timed out waiting (5000ms) for thread "Thread[main,6,main]" to finish starting bundle "com.android.ide.eclipse.adt_22.3.0.v201310242005-887826 [2]". To avoid deadlock, thread "Thread[Worker-39,5,main]" is proceeding but "com.android.ide.eclipse.adt.internal.project.XmlErrorHandler" may not be fully initialized.
!STACK 0
org.osgi.framework.BundleException: State change in progress for bundle "reference:file:plugins/com.android.ide.eclipse.adt_22.3.0.v201310242005-887826.jar" by thread "main".
	at org.eclipse.osgi.framework.internal.core.AbstractBundle.beginStateChange(AbstractBundle.java:1088)
	at org.eclipse.osgi.framework.internal.core.AbstractBundle.start(AbstractBundle.java:298)
	at org.eclipse.osgi.framework.util.SecureAction.start(SecureAction.java:440)
	at org.eclipse.osgi.internal.loader.BundleLoader.setLazyTrigger(BundleLoader.java:263)
	at org.eclipse.core.runtime.internal.adaptor.EclipseLazyStarter.postFindLocalClass(EclipseLazyStarter.java:107)
	at org.eclipse.osgi.baseadaptor.loader.ClasspathManager.findLocalClass(ClasspathManager.java:469)
	at org.eclipse.osgi.internal.baseadaptor.DefaultClassLoader.findLocalClass(DefaultClassLoader.java:216)
	at org.eclipse.osgi.internal.loader.BundleLoader.findLocalClass(BundleLoader.java:395)
	at org.eclipse.osgi.internal.loader.BundleLoader.findClassInternal(BundleLoader.java:464)
	at org.eclipse.osgi.internal.loader.BundleLoader.findClass(BundleLoader.java:421)
	at org.eclipse.osgi.internal.loader.BundleLoader.findClass(BundleLoader.java:412)
	at org.eclipse.osgi.internal.baseadaptor.DefaultClassLoader.loadClass(DefaultClassLoader.java:107)
	at java.lang.ClassLoader.loadClass(Unknown Source)
	at java.lang.Class.getDeclaredConstructors0(Native Method)
	at java.lang.Class.privateGetDeclaredConstructors(Unknown Source)
	at java.lang.Class.getConstructor0(Unknown Source)
	at java.lang.Class.newInstance0(Unknown Source)
	at java.lang.Class.newInstance(Unknown Source)
	at org.eclipse.core.internal.registry.osgi.RegistryStrategyOSGI.createExecutableExtension(RegistryStrategyOSGI.java:184)
	at org.eclipse.core.internal.registry.ExtensionRegistry.createExecutableExtension(ExtensionRegistry.java:905)
	at org.eclipse.core.internal.registry.ConfigurationElement.createExecutableExtension(ConfigurationElement.java:243)
	at org.eclipse.core.internal.registry.ConfigurationElementHandle.createExecutableExtension(ConfigurationElementHandle.java:55)
	at org.eclipse.core.internal.events.BuildManager.instantiateBuilder(BuildManager.java:894)
	at org.eclipse.core.internal.events.BuildManager.initializeBuilder(BuildManager.java:847)
	at org.eclipse.core.internal.events.BuildManager.getBuilder(BuildManager.java:538)
	at org.eclipse.core.internal.events.BuildManager.getBuilder(BuildManager.java:567)
	at org.eclipse.core.internal.events.BuildManager.basicBuild(BuildManager.java:237)
	at org.eclipse.core.internal.events.BuildManager$1.run(BuildManager.java:292)
	at org.eclipse.core.runtime.SafeRunner.run(SafeRunner.java:42)
	at org.eclipse.core.internal.events.BuildManager.basicBuild(BuildManager.java:295)
	at org.eclipse.core.internal.events.BuildManager.basicBuildLoop(BuildManager.java:351)
	at org.eclipse.core.internal.events.BuildManager.build(BuildManager.java:374)
	at org.eclipse.core.internal.events.AutoBuildJob.doBuild(AutoBuildJob.java:143)
	at org.eclipse.core.internal.events.AutoBuildJob.run(AutoBuildJob.java:241)
	at org.eclipse.core.internal.jobs.Worker.run(Worker.java:53)
Caused by: org.eclipse.osgi.framework.internal.core.AbstractBundle$BundleStatusException
	... 35 more
Root exception:
org.eclipse.osgi.framework.internal.core.AbstractBundle$BundleStatusException
	at org.eclipse.osgi.framework.internal.core.AbstractBundle.beginStateChange(AbstractBundle.java:1088)
	at org.eclipse.osgi.framework.internal.core.AbstractBundle.start(AbstractBundle.java:298)
	at org.eclipse.osgi.framework.util.SecureAction.start(SecureAction.java:440)
	at org.eclipse.osgi.internal.loader.BundleLoader.setLazyTrigger(BundleLoader.java:263)
	at org.eclipse.core.runtime.internal.adaptor.EclipseLazyStarter.postFindLocalClass(EclipseLazyStarter.java:107)
	at org.eclipse.osgi.baseadaptor.loader.ClasspathManager.findLocalClass(ClasspathManager.java:469)
	at org.eclipse.osgi.internal.baseadaptor.DefaultClassLoader.findLocalClass(DefaultClassLoader.java:216)
	at org.eclipse.osgi.internal.loader.BundleLoader.findLocalClass(BundleLoader.java:395)
	at org.eclipse.osgi.internal.loader.BundleLoader.findClassInternal(BundleLoader.java:464)
	at org.eclipse.osgi.internal.loader.BundleLoader.findClass(BundleLoader.java:421)
	at org.eclipse.osgi.internal.loader.BundleLoader.findClass(BundleLoader.java:412)
	at org.eclipse.osgi.internal.baseadaptor.DefaultClassLoader.loadClass(DefaultClassLoader.java:107)
	at java.lang.ClassLoader.loadClass(Unknown Source)
	at java.lang.Class.getDeclaredConstructors0(Native Method)
	at java.lang.Class.privateGetDeclaredConstructors(Unknown Source)
	at java.lang.Class.getConstructor0(Unknown Source)
	at java.lang.Class.newInstance0(Unknown Source)
	at java.lang.Class.newInstance(Unknown Source)
	at org.eclipse.core.internal.registry.osgi.RegistryStrategyOSGI.createExecutableExtension(RegistryStrategyOSGI.java:184)
	at org.eclipse.core.internal.registry.ExtensionRegistry.createExecutableExtension(ExtensionRegistry.java:905)
	at org.eclipse.core.internal.registry.ConfigurationElement.createExecutableExtension(ConfigurationElement.java:243)
	at org.eclipse.core.internal.registry.ConfigurationElementHandle.createExecutableExtension(ConfigurationElementHandle.java:55)
	at org.eclipse.core.internal.events.BuildManager.instantiateBuilder(BuildManager.java:894)
	at org.eclipse.core.internal.events.BuildManager.initializeBuilder(BuildManager.java:847)
	at org.eclipse.core.internal.events.BuildManager.getBuilder(BuildManager.java:538)
	at org.eclipse.core.internal.events.BuildManager.getBuilder(BuildManager.java:567)
	at org.eclipse.core.internal.events.BuildManager.basicBuild(BuildManager.java:237)
	at org.eclipse.core.internal.events.BuildManager$1.run(BuildManager.java:292)
	at org.eclipse.core.runtime.SafeRunner.run(SafeRunner.java:42)
	at org.eclipse.core.internal.events.BuildManager.basicBuild(BuildManager.java:295)
	at org.eclipse.core.internal.events.BuildManager.basicBuildLoop(BuildManager.java:351)
	at org.eclipse.core.internal.events.BuildManager.build(BuildManager.java:374)
	at org.eclipse.core.internal.events.AutoBuildJob.doBuild(AutoBuildJob.java:143)
	at org.eclipse.core.internal.events.AutoBuildJob.run(AutoBuildJob.java:241)
	at org.eclipse.core.internal.jobs.Worker.run(Worker.java:53)

!ENTRY org.eclipse.egit.ui 2 0 2014-02-24 13:00:25.005
!MESSAGE Warning: EGit couldn't detect the installation path "gitPrefix" of native Git. Hence EGit can't respect system level
Git settings which might be configured in ${gitPrefix}/etc/gitconfig under the native Git installation directory.
The most important of these settings is core.autocrlf. Git for Windows by default sets this parameter to true in
this system level configuration. The Git installation location can be configured on the
Team > Git > Configuration preference page's 'System Settings' tab.
This warning can be switched off on the Team > Git > Confirmations and Warnings preference page.

!ENTRY org.eclipse.egit.ui 2 0 2014-02-24 13:00:25.009
!MESSAGE Warning: The environment variable HOME is not set. The following directory will be used to store the Git
user global configuration and to define the default location to store repositories: 'C:\Users\pancho'. If this is
not correct please set the HOME environment variable and restart Eclipse. Otherwise Git for Windows and
EGit might behave differently since they see different configuration options.
This warning can be switched off on the Team > Git > Confirmations and Warnings preference page.
